Launching browser...
Server running on port 5002
Access the backend at http://192.168.1.118:5002
Browser launched successfully
Browser disconnected, restarting...
Launching browser...
Browser launched successfully
[2025-08-09T04:01:44.053Z] HEAD / from 127.0.0.1
[0mHEAD / [33m404[0m 2.980 ms - 140[0m
Browser disconnected, restarting...
Launching browser...
Failed to launch browser: Error: Failed to launch the browser process!
[0809/003217.221046:ERROR:third_party/crashpad/crashpad/util/mach/bootstrap.cc:65] bootstrap_check_in org.chromium.crashpad.child_port_handshake.10154.498575.MBSBVYWVRQZYVATT: unknown error code (141)
[0809/003217.223276:ERROR:third_party/crashpad/crashpad/util/file/file_io.cc:103] ReadExactly: expected 4, observed 0
[0809/003217.225384:ERROR:third_party/crashpad/crashpad/util/mach/bootstrap.cc:65] bootstrap_check_in org.chromium.crashpad.child_port_handshake.10152.498573.QGQRPNIQQGVIIFHL: unknown error code (141)
[0809/003217.226236:ERROR:third_party/crashpad/crashpad/util/file/file_io.cc:103] ReadExactly: expected 4, observed 0
Received signal 6
 [0x00011024e968]
 [0x000113aaf5bc]
 [0x000199b256a4]
 [0x000199aeb88c]
 [0x0001999f4a3c]
 [0x0001a09399e4]
 [0x0001a09366e8]
 [0x00019e8ae304]
 [0x00019e8aef80]
 [0x00019e8adfe0]
 [0x00019e8b14ac]
 [0x00019dac6e80]
 [0x00019dac4d10]
 [0x00019dac4844]
 [0x00010f5d3004]
 [0x00010fd78bcc]
 [0x00010fd78988]
 [0x00010f15ce88]
 [0x00010e6fe810]
 [0x00010cf1229c]
 [0x0001002f090c]
 [0x00019974ab98]
[end of stack trace]


TROUBLESHOOTING: https://pptr.dev/troubleshooting

    at Interface.onClose (/Users/family/Downloads/SalvageOrganizer/backend/node_modules/@puppeteer/browsers/lib/cjs/launch.js:325:24)
    at Interface.emit (node:events:519:35)
    at Interface.close (node:internal/readline/interface:559:10)
    at Socket.onend (node:internal/readline/interface:273:10)
    at Socket.emit (node:events:519:35)
    at endReadableNT (node:internal/streams/readable:1701:12)
    at process.processTicksAndRejections (node:internal/process/task_queues:90:21)
node:internal/process/promises:394
    triggerUncaughtException(err, true /* fromPromise */);
    ^

Error: Failed to launch the browser process!
[0809/003217.221046:ERROR:third_party/crashpad/crashpad/util/mach/bootstrap.cc:65] bootstrap_check_in org.chromium.crashpad.child_port_handshake.10154.498575.MBSBVYWVRQZYVATT: unknown error code (141)
[0809/003217.223276:ERROR:third_party/crashpad/crashpad/util/file/file_io.cc:103] ReadExactly: expected 4, observed 0
[0809/003217.225384:ERROR:third_party/crashpad/crashpad/util/mach/bootstrap.cc:65] bootstrap_check_in org.chromium.crashpad.child_port_handshake.10152.498573.QGQRPNIQQGVIIFHL: unknown error code (141)
[0809/003217.226236:ERROR:third_party/crashpad/crashpad/util/file/file_io.cc:103] ReadExactly: expected 4, observed 0
Received signal 6
 [0x00011024e968]
 [0x000113aaf5bc]
 [0x000199b256a4]
 [0x000199aeb88c]
 [0x0001999f4a3c]
 [0x0001a09399e4]
 [0x0001a09366e8]
 [0x00019e8ae304]
 [0x00019e8aef80]
 [0x00019e8adfe0]
 [0x00019e8b14ac]
 [0x00019dac6e80]
 [0x00019dac4d10]
 [0x00019dac4844]
 [0x00010f5d3004]
 [0x00010fd78bcc]
 [0x00010fd78988]
 [0x00010f15ce88]
 [0x00010e6fe810]
 [0x00010cf1229c]
 [0x0001002f090c]
 [0x00019974ab98]
[end of stack trace]


TROUBLESHOOTING: https://pptr.dev/troubleshooting

    at Interface.onClose (/Users/family/Downloads/SalvageOrganizer/backend/node_modules/@puppeteer/browsers/lib/cjs/launch.js:325:24)
    at Interface.emit (node:events:519:35)
    at Interface.close (node:internal/readline/interface:559:10)
    at Socket.onend (node:internal/readline/interface:273:10)
    at Socket.emit (node:events:519:35)
    at endReadableNT (node:internal/streams/readable:1701:12)
    at process.processTicksAndRejections (node:internal/process/task_queues:90:21)

Node.js v24.4.1
